{"/Users/ninadhatkar/office/contentstack-export/config/default.js": {"path":"/Users/ninadhatkar/office/contentstack-export/config/default.js","statementMap":{"0":{"start":{"line":1,"column":0},"end":{"line":123,"column":1}}},"fnMap":{},"branchMap":{},"s":{"0":1},"f":{},"b":{},"_coverageSchema":"43e27e138ebf9cfc5966b082cf9a028302ed4184","hash":"e507c6488c4ed0ea060b23830a11be0c170eec1a"}
,"/Users/ninadhatkar/office/contentstack-export/config/index.js": {"path":"/Users/ninadhatkar/office/contentstack-export/config/index.js","statementMap":{"0":{"start":{"line":1,"column":0},"end":{"line":12,"column":7}}},"fnMap":{},"branchMap":{},"s":{"0":1},"f":{},"b":{},"_coverageSchema":"43e27e138ebf9cfc5966b082cf9a028302ed4184","hash":"5f52d31bc4e5d740a0b203fc6f0e78b63f40de62"}
,"/Users/ninadhatkar/office/contentstack-export/lib/util/index.js": {"path":"/Users/ninadhatkar/office/contentstack-export/lib/util/index.js","statementMap":{"0":{"start":{"line":7,"column":8},"end":{"line":7,"column":25}},"1":{"start":{"line":8,"column":10},"end":{"line":8,"column":34}},"2":{"start":{"line":9,"column":20},"end":{"line":9,"column":51}},"3":{"start":{"line":10,"column":11},"end":{"line":10,"column":24}},"4":{"start":{"line":14,"column":0},"end":{"line":21,"column":2}},"5":{"start":{"line":15,"column":2},"end":{"line":17,"column":3}},"6":{"start":{"line":16,"column":4},"end":{"line":16,"column":65}},"7":{"start":{"line":18,"column":2},"end":{"line":20,"column":3}},"8":{"start":{"line":19,"column":4},"end":{"line":19,"column":51}},"9":{"start":{"line":23,"column":0},"end":{"line":31,"column":1}},"10":{"start":{"line":24,"column":2},"end":{"line":24,"column":41}},"11":{"start":{"line":25,"column":2},"end":{"line":29,"column":4}},"12":{"start":{"line":30,"column":2},"end":{"line":30,"column":16}},"13":{"start":{"line":33,"column":0},"end":{"line":35,"column":2}},"14":{"start":{"line":34,"column":2},"end":{"line":34,"column":16}},"15":{"start":{"line":37,"column":0},"end":{"line":49,"column":2}},"16":{"start":{"line":38,"column":2},"end":{"line":44,"column":3}},"17":{"start":{"line":39,"column":4},"end":{"line":41,"column":7}},"18":{"start":{"line":40,"column":6},"end":{"line":40,"column":59}},"19":{"start":{"line":43,"column":4},"end":{"line":43,"column":37}},"20":{"start":{"line":45,"column":13},"end":{"line":45,"column":32}},"21":{"start":{"line":46,"column":2},"end":{"line":46,"column":36}},"22":{"start":{"line":47,"column":2},"end":{"line":47,"column":29}},"23":{"start":{"line":48,"column":2},"end":{"line":48,"column":16}}},"fnMap":{"0":{"name":"(anonymous_0)","decl":{"start":{"line":14,"column":25},"end":{"line":14,"column":26}},"loc":{"start":{"line":14,"column":42},"end":{"line":21,"column":1}},"line":14},"1":{"name":"(anonymous_1)","decl":{"start":{"line":23,"column":25},"end":{"line":23,"column":26}},"loc":{"start":{"line":23,"column":43},"end":{"line":31,"column":1}},"line":23},"2":{"name":"(anonymous_2)","decl":{"start":{"line":33,"column":20},"end":{"line":33,"column":21}},"loc":{"start":{"line":33,"column":32},"end":{"line":35,"column":1}},"line":33},"3":{"name":"(anonymous_3)","decl":{"start":{"line":37,"column":20},"end":{"line":37,"column":21}},"loc":{"start":{"line":37,"column":42},"end":{"line":49,"column":1}},"line":37},"4":{"name":"(anonymous_4)","decl":{"start":{"line":39,"column":45},"end":{"line":39,"column":46}},"loc":{"start":{"line":39,"column":54},"end":{"line":41,"column":5}},"line":39}},"branchMap":{"0":{"loc":{"start":{"line":15,"column":2},"end":{"line":17,"column":3}},"type":"if","locations":[{"start":{"line":15,"column":2},"end":{"line":17,"column":3}},{"start":{"line":15,"column":2},"end":{"line":17,"column":3}}],"line":15},"1":{"loc":{"start":{"line":15,"column":6},"end":{"line":15,"column":33}},"type":"binary-expr","locations":[{"start":{"line":15,"column":6},"end":{"line":15,"column":18}},{"start":{"line":15,"column":22},"end":{"line":15,"column":33}}],"line":15},"2":{"loc":{"start":{"line":18,"column":2},"end":{"line":20,"column":3}},"type":"if","locations":[{"start":{"line":18,"column":2},"end":{"line":20,"column":3}},{"start":{"line":18,"column":2},"end":{"line":20,"column":3}}],"line":18},"3":{"loc":{"start":{"line":38,"column":2},"end":{"line":44,"column":3}},"type":"if","locations":[{"start":{"line":38,"column":2},"end":{"line":44,"column":3}},{"start":{"line":38,"column":2},"end":{"line":44,"column":3}}],"line":38},"4":{"loc":{"start":{"line":40,"column":19},"end":{"line":40,"column":58}},"type":"cond-expr","locations":[{"start":{"line":40,"column":25},"end":{"line":40,"column":45}},{"start":{"line":40,"column":48},"end":{"line":40,"column":58}}],"line":40}},"s":{"0":1,"1":1,"2":1,"3":1,"4":1,"5":1,"6":0,"7":1,"8":0,"9":1,"10":1,"11":1,"12":1,"13":1,"14":0,"15":1,"16":4,"17":1,"18":0,"19":3,"20":4,"21":3,"22":1,"23":1},"f":{"0":1,"1":1,"2":0,"3":4,"4":0},"b":{"0":[0,1],"1":[1,1],"2":[0,1],"3":[1,3],"4":[0,0]},"_coverageSchema":"43e27e138ebf9cfc5966b082cf9a028302ed4184","hash":"1a171cd5869084197da481b359f3b7dc33da19e1"}
}
