TN:
SF:/Users/ninadhatkar/office/contentstack-export/config/default.js
FNF:0
FNH:0
DA:1,1
LF:1
LH:1
BRF:0
BRH:0
end_of_record
TN:
SF:/Users/ninadhatkar/office/contentstack-export/config/index.js
FNF:0
FNH:0
DA:1,1
LF:1
LH:1
BRF:0
BRH:0
end_of_record
TN:
SF:/Users/ninadhatkar/office/contentstack-export/lib/util/index.js
FN:14,(anonymous_0)
FN:23,(anonymous_1)
FN:33,(anonymous_2)
FN:37,(anonymous_3)
FN:39,(anonymous_4)
FNF:5
FNH:3
FNDA:1,(anonymous_0)
FNDA:1,(anonymous_1)
FNDA:0,(anonymous_2)
FNDA:4,(anonymous_3)
FNDA:0,(anonymous_4)
DA:7,1
DA:8,1
DA:9,1
DA:10,1
DA:14,1
DA:15,1
DA:16,0
DA:18,1
DA:19,0
DA:23,1
DA:24,1
DA:25,1
DA:30,1
DA:33,1
DA:34,0
DA:37,1
DA:38,4
DA:39,1
DA:40,0
DA:43,3
DA:45,4
DA:46,3
DA:47,1
DA:48,1
LF:24
LH:20
BRDA:15,0,0,0
BRDA:15,0,1,1
BRDA:15,1,0,1
BRDA:15,1,1,1
BRDA:18,2,0,0
BRDA:18,2,1,1
BRDA:38,3,0,1
BRDA:38,3,1,3
BRDA:40,4,0,0
BRDA:40,4,1,0
BRF:10
BRH:6
end_of_record
